<?xml version="1.0" encoding="UTF-8"?>
<testng-results ignored="0" total="2" passed="2" failed="0" skipped="0">
  <reporter-output>
  </reporter-output>
  <suite started-at="2023-11-14T20:53:28 IST" name="Suite" finished-at="2023-11-14T20:54:02 IST" duration-ms="33533">
    <groups>
    </groups>
    <test started-at="2023-11-14T20:53:28 IST" name="Signup" finished-at="2023-11-14T20:53:40 IST" duration-ms="12151">
      <class name="testcase.TC_001_Signup">
        <test-method is-config="true" signature="setup()[pri:0, instance:testcase.TC_001_Signup@22f59fa]" started-at="2023-11-14T20:53:28 IST" name="setup" finished-at="2023-11-14T20:53:28 IST" duration-ms="17" status="PASS">
          <reporter-output>
          </reporter-output>
        </test-method> <!-- setup -->
        <test-method is-config="true" signature="browserLaunch(java.lang.String,java.lang.String)[pri:0, instance:testcase.TC_001_Signup@22f59fa]" started-at="2023-11-14T20:53:30 IST" name="browserLaunch" finished-at="2023-11-14T20:53:39 IST" duration-ms="9224" status="PASS">
          <params>
            <param index="0">
              <value>
                <![CDATA[chrome]]>
              </value>
            </param>
            <param index="1">
              <value>
                <![CDATA[https://www.demoblaze.com/]]>
              </value>
            </param>
          </params>
          <reporter-output>
          </reporter-output>
        </test-method> <!-- browserLaunch -->
        <test-method signature="TC_001_Signup(java.lang.String,java.lang.String)[pri:1, instance:testcase.TC_001_Signup@22f59fa]" started-at="2023-11-14T20:53:39 IST" name="TC_001_Signup" data-provider="getData" finished-at="2023-11-14T20:53:40 IST" duration-ms="1286" status="PASS">
          <params>
            <param index="0">
              <value>
                <![CDATA[Samariya]]>
              </value>
            </param>
            <param index="1">
              <value>
                <![CDATA[Mariyasam@0103]]>
              </value>
            </param>
          </params>
          <reporter-output>
          </reporter-output>
        </test-method> <!-- TC_001_Signup -->
      </class> <!-- testcase.TC_001_Signup -->
    </test> <!-- Signup -->
    <test started-at="2023-11-14T20:53:41 IST" name="Login" finished-at="2023-11-14T20:54:02 IST" duration-ms="20697">
      <class name="testcase.TC_001_Login">
        <test-method is-config="true" signature="setup()[pri:0, instance:testcase.TC_001_Login@6f8e8894]" started-at="2023-11-14T20:53:41 IST" name="setup" finished-at="2023-11-14T20:53:41 IST" duration-ms="1" status="PASS">
          <reporter-output>
          </reporter-output>
        </test-method> <!-- setup -->
        <test-method is-config="true" signature="browserLaunch(java.lang.String,java.lang.String)[pri:0, instance:testcase.TC_001_Login@6f8e8894]" started-at="2023-11-14T20:53:41 IST" name="browserLaunch" finished-at="2023-11-14T20:53:52 IST" duration-ms="10954" status="PASS">
          <params>
            <param index="0">
              <value>
                <![CDATA[edge]]>
              </value>
            </param>
            <param index="1">
              <value>
                <![CDATA[https://www.demoblaze.com/]]>
              </value>
            </param>
          </params>
          <reporter-output>
          </reporter-output>
        </test-method> <!-- browserLaunch -->
        <test-method signature="TC_001_Login(java.lang.String,java.lang.String)[pri:1, instance:testcase.TC_001_Login@6f8e8894]" started-at="2023-11-14T20:53:52 IST" name="TC_001_Login" data-provider="getData" finished-at="2023-11-14T20:54:02 IST" duration-ms="9541" status="PASS">
          <params>
            <param index="0">
              <value>
                <![CDATA[Samariya]]>
              </value>
            </param>
            <param index="1">
              <value>
                <![CDATA[Mariyasam@0103]]>
              </value>
            </param>
          </params>
          <reporter-output>
          </reporter-output>
        </test-method> <!-- TC_001_Login -->
      </class> <!-- testcase.TC_001_Login -->
    </test> <!-- Login -->
  </suite> <!-- Suite -->
</testng-results>
